android/cranpose-android-haptics/build/intermediates/manifest_merge_blame_file/release/processReleaseManifest/manifest-merger-blame-release-report.txt
1<?xml version="1.0" encoding="utf-8"?>
2<!--
3 The vibrator `cranpose_services::Haptics` drives for its amplitude,
4     waveform and predefined effects. Without this permission `Vibrator`
5     silently does nothing.
6-->
7<manifest xmlns:android="http://schemas.android.com/apk/res/android"
8    package="dev.cranpose.android.haptics" >
9
10    <uses-sdk android:minSdkVersion="24" />
10-->INJECTED
10-->INJECTED
11
12    <uses-permission android:name="android.permission.VIBRATE" />
12-->src/main/AndroidManifest.xml:6:5-66
12-->src/main/AndroidManifest.xml:6:22-63
13
14</manifest>